mode: set
github.com/d4rkfella/vault-backup/main.go:11.13,16.2 3 0
github.com/d4rkfella/vault-backup/internal/pkg/pushover/client.go:26.40,32.2 2 1
github.com/d4rkfella/vault-backup/internal/pkg/pushover/client.go:34.164,41.13 5 1
github.com/d4rkfella/vault-backup/internal/pkg/pushover/client.go:41.13,50.3 2 1
github.com/d4rkfella/vault-backup/internal/pkg/pushover/client.go:50.8,60.3 3 1
github.com/d4rkfella/vault-backup/internal/pkg/pushover/client.go:62.2,63.28 2 1
github.com/d4rkfella/vault-backup/internal/pkg/pushover/client.go:63.28,64.18 1 1
github.com/d4rkfella/vault-backup/internal/pkg/pushover/client.go:64.18,66.4 1 1
github.com/d4rkfella/vault-backup/internal/pkg/pushover/client.go:68.2,68.32 1 1
github.com/d4rkfella/vault-backup/internal/pkg/pushover/client.go:68.32,70.3 1 1
github.com/d4rkfella/vault-backup/internal/pkg/pushover/client.go:72.2,80.16 3 1
github.com/d4rkfella/vault-backup/internal/pkg/pushover/client.go:80.16,82.3 1 1
github.com/d4rkfella/vault-backup/internal/pkg/pushover/client.go:83.2,83.12 1 1
github.com/d4rkfella/vault-backup/internal/pkg/pushover/client.go:86.34,88.14 2 1
github.com/d4rkfella/vault-backup/internal/pkg/pushover/client.go:88.14,90.3 1 1
github.com/d4rkfella/vault-backup/internal/pkg/pushover/client.go:91.2,92.42 2 1
github.com/d4rkfella/vault-backup/internal/pkg/pushover/client.go:92.42,95.3 2 1
github.com/d4rkfella/vault-backup/internal/pkg/pushover/client.go:96.2,96.73 1 1
github.com/d4rkfella/vault-backup/internal/pkg/vault/backup.go:8.65,10.2 1 1
github.com/d4rkfella/vault-backup/internal/pkg/vault/client.go:34.70,35.19 1 1
github.com/d4rkfella/vault-backup/internal/pkg/vault/client.go:35.19,37.3 1 1
github.com/d4rkfella/vault-backup/internal/pkg/vault/client.go:39.2,46.16 6 0
github.com/d4rkfella/vault-backup/internal/pkg/vault/client.go:46.16,48.3 1 0
github.com/d4rkfella/vault-backup/internal/pkg/vault/client.go:50.2,50.25 1 0
github.com/d4rkfella/vault-backup/internal/pkg/vault/client.go:50.25,55.17 3 0
github.com/d4rkfella/vault-backup/internal/pkg/vault/client.go:55.17,57.4 1 0
github.com/d4rkfella/vault-backup/internal/pkg/vault/client.go:60.2,62.28 2 0
github.com/d4rkfella/vault-backup/internal/pkg/vault/client.go:62.28,64.3 1 0
github.com/d4rkfella/vault-backup/internal/pkg/vault/client.go:66.2,66.27 1 0
github.com/d4rkfella/vault-backup/internal/pkg/vault/client.go:66.27,72.17 2 0
github.com/d4rkfella/vault-backup/internal/pkg/vault/client.go:72.17,74.4 1 0
github.com/d4rkfella/vault-backup/internal/pkg/vault/client.go:76.3,77.17 2 0
github.com/d4rkfella/vault-backup/internal/pkg/vault/client.go:77.17,79.4 1 0
github.com/d4rkfella/vault-backup/internal/pkg/vault/client.go:80.3,80.22 1 0
github.com/d4rkfella/vault-backup/internal/pkg/vault/client.go:80.22,82.4 1 0
github.com/d4rkfella/vault-backup/internal/pkg/vault/client.go:83.8,85.3 1 0
github.com/d4rkfella/vault-backup/internal/pkg/vault/client.go:87.2,87.28 1 0
github.com/d4rkfella/vault-backup/internal/pkg/vault/client.go:87.28,89.3 1 0
github.com/d4rkfella/vault-backup/internal/pkg/vault/client.go:90.2,95.8 2 0
github.com/d4rkfella/vault-backup/internal/pkg/vault/interfaces.go:34.42,34.67 1 0
github.com/d4rkfella/vault-backup/internal/pkg/vault/interfaces.go:35.42,35.85 1 0
github.com/d4rkfella/vault-backup/internal/pkg/vault/interfaces.go:43.43,43.68 1 0
github.com/d4rkfella/vault-backup/internal/pkg/vault/restore.go:8.66,10.2 1 1
github.com/d4rkfella/vault-backup/cmd/backup.go:20.54,46.28 4 1
github.com/d4rkfella/vault-backup/cmd/backup.go:46.28,48.4 1 1
github.com/d4rkfella/vault-backup/cmd/backup.go:49.3,49.34 1 0
github.com/d4rkfella/vault-backup/cmd/backup.go:49.34,51.4 1 0
github.com/d4rkfella/vault-backup/cmd/backup.go:52.3,52.25 1 0
github.com/d4rkfella/vault-backup/cmd/backup.go:52.25,54.4 1 0
github.com/d4rkfella/vault-backup/cmd/backup.go:55.3,55.55 1 0
github.com/d4rkfella/vault-backup/cmd/backup.go:55.55,57.4 1 0
github.com/d4rkfella/vault-backup/cmd/backup.go:58.3,58.56 1 0
github.com/d4rkfella/vault-backup/cmd/backup.go:58.56,60.4 1 0
github.com/d4rkfella/vault-backup/cmd/backup.go:64.3,67.31 4 0
github.com/d4rkfella/vault-backup/cmd/backup.go:67.31,72.4 1 0
github.com/d4rkfella/vault-backup/cmd/backup.go:74.3,75.17 2 0
github.com/d4rkfella/vault-backup/cmd/backup.go:75.17,77.4 1 0
github.com/d4rkfella/vault-backup/cmd/backup.go:79.3,80.17 2 0
github.com/d4rkfella/vault-backup/cmd/backup.go:80.17,82.4 1 0
github.com/d4rkfella/vault-backup/cmd/backup.go:84.3,85.25 2 0
github.com/d4rkfella/vault-backup/cmd/backup.go:85.25,87.4 1 0
github.com/d4rkfella/vault-backup/cmd/backup.go:89.3,89.63 1 0
github.com/d4rkfella/vault-backup/cmd/backup.go:93.13,95.2 1 1
github.com/d4rkfella/vault-backup/cmd/restore.go:22.54,48.28 4 1
github.com/d4rkfella/vault-backup/cmd/restore.go:48.28,50.4 1 1
github.com/d4rkfella/vault-backup/cmd/restore.go:51.3,51.34 1 0
github.com/d4rkfella/vault-backup/cmd/restore.go:51.34,53.4 1 0
github.com/d4rkfella/vault-backup/cmd/restore.go:54.3,54.25 1 0
github.com/d4rkfella/vault-backup/cmd/restore.go:54.25,56.4 1 0
github.com/d4rkfella/vault-backup/cmd/restore.go:57.3,57.55 1 0
github.com/d4rkfella/vault-backup/cmd/restore.go:57.55,59.4 1 0
github.com/d4rkfella/vault-backup/cmd/restore.go:60.3,60.56 1 0
github.com/d4rkfella/vault-backup/cmd/restore.go:60.56,62.4 1 0
github.com/d4rkfella/vault-backup/cmd/restore.go:64.3,67.31 4 0
github.com/d4rkfella/vault-backup/cmd/restore.go:67.31,72.4 1 0
github.com/d4rkfella/vault-backup/cmd/restore.go:74.3,75.17 2 0
github.com/d4rkfella/vault-backup/cmd/restore.go:75.17,77.4 1 0
github.com/d4rkfella/vault-backup/cmd/restore.go:79.3,80.17 2 0
github.com/d4rkfella/vault-backup/cmd/restore.go:80.17,82.4 1 0
github.com/d4rkfella/vault-backup/cmd/restore.go:84.3,85.25 2 0
github.com/d4rkfella/vault-backup/cmd/restore.go:85.25,87.4 1 0
github.com/d4rkfella/vault-backup/cmd/restore.go:89.3,89.19 1 0
github.com/d4rkfella/vault-backup/cmd/restore.go:89.19,91.4 1 0
github.com/d4rkfella/vault-backup/cmd/restore.go:93.3,93.64 1 0
github.com/d4rkfella/vault-backup/cmd/restore.go:97.13,101.2 2 1
github.com/d4rkfella/vault-backup/cmd/root.go:42.47,43.36 1 0
github.com/d4rkfella/vault-backup/cmd/root.go:43.36,46.4 2 0
github.com/d4rkfella/vault-backup/cmd/root.go:50.42,52.2 1 0
github.com/d4rkfella/vault-backup/cmd/root.go:54.13,81.2 20 1
github.com/d4rkfella/vault-backup/cmd/root.go:83.19,87.19 3 1
github.com/d4rkfella/vault-backup/cmd/root.go:87.19,89.3 1 1
github.com/d4rkfella/vault-backup/cmd/root.go:89.8,96.3 5 0
github.com/d4rkfella/vault-backup/cmd/root.go:98.2,98.45 1 1
github.com/d4rkfella/vault-backup/cmd/root.go:98.45,100.3 1 0
github.com/d4rkfella/vault-backup/cmd/root.go:100.8,101.56 1 1
github.com/d4rkfella/vault-backup/cmd/root.go:101.56,103.4 1 1
github.com/d4rkfella/vault-backup/cmd/root.go:106.2,106.20 1 1
github.com/d4rkfella/vault-backup/cmd/root.go:109.36,110.53 1 1
github.com/d4rkfella/vault-backup/cmd/root.go:110.53,113.56 2 1
github.com/d4rkfella/vault-backup/cmd/root.go:113.56,115.4 1 0
github.com/d4rkfella/vault-backup/cmd/root.go:117.3,118.59 2 1
github.com/d4rkfella/vault-backup/cmd/root.go:118.59,120.4 1 0
github.com/d4rkfella/vault-backup/cmd/root.go:122.3,122.44 1 1
github.com/d4rkfella/vault-backup/cmd/root.go:122.44,124.84 2 1
github.com/d4rkfella/vault-backup/cmd/root.go:124.84,126.5 1 0
github.com/d4rkfella/vault-backup/internal/app/backup.go:20.57,23.16 3 1
github.com/d4rkfella/vault-backup/internal/app/backup.go:23.16,25.3 1 1
github.com/d4rkfella/vault-backup/internal/app/backup.go:26.2,26.15 1 1
github.com/d4rkfella/vault-backup/internal/app/backup.go:26.15,27.42 1 1
github.com/d4rkfella/vault-backup/internal/app/backup.go:27.42,29.4 1 0
github.com/d4rkfella/vault-backup/internal/app/backup.go:32.2,36.6 4 1
github.com/d4rkfella/vault-backup/internal/app/backup.go:36.6,38.20 2 1
github.com/d4rkfella/vault-backup/internal/app/backup.go:38.20,39.9 1 1
github.com/d4rkfella/vault-backup/internal/app/backup.go:41.3,41.17 1 1
github.com/d4rkfella/vault-backup/internal/app/backup.go:41.17,43.4 1 1
github.com/d4rkfella/vault-backup/internal/app/backup.go:45.3,46.17 2 1
github.com/d4rkfella/vault-backup/internal/app/backup.go:46.17,48.4 1 0
github.com/d4rkfella/vault-backup/internal/app/backup.go:50.3,50.31 1 1
github.com/d4rkfella/vault-backup/internal/app/backup.go:50.31,52.4 1 1
github.com/d4rkfella/vault-backup/internal/app/backup.go:53.3,53.33 1 1
github.com/d4rkfella/vault-backup/internal/app/backup.go:56.2,56.27 1 1
github.com/d4rkfella/vault-backup/internal/app/backup.go:56.27,58.3 1 1
github.com/d4rkfella/vault-backup/internal/app/backup.go:60.2,62.46 2 1
github.com/d4rkfella/vault-backup/internal/app/backup.go:62.46,64.14 2 1
github.com/d4rkfella/vault-backup/internal/app/backup.go:64.14,66.4 1 1
github.com/d4rkfella/vault-backup/internal/app/backup.go:68.3,69.45 2 1
github.com/d4rkfella/vault-backup/internal/app/backup.go:69.45,71.4 1 0
github.com/d4rkfella/vault-backup/internal/app/backup.go:72.3,74.33 2 1
github.com/d4rkfella/vault-backup/internal/app/backup.go:74.33,77.4 1 1
github.com/d4rkfella/vault-backup/internal/app/backup.go:79.2,79.18 1 1
github.com/d4rkfella/vault-backup/internal/app/backup.go:82.56,85.29 3 1
github.com/d4rkfella/vault-backup/internal/app/backup.go:85.29,87.28 2 1
github.com/d4rkfella/vault-backup/internal/app/backup.go:87.28,88.12 1 1
github.com/d4rkfella/vault-backup/internal/app/backup.go:90.3,91.22 2 1
github.com/d4rkfella/vault-backup/internal/app/backup.go:91.22,93.4 1 1
github.com/d4rkfella/vault-backup/internal/app/backup.go:95.2,95.13 1 1
github.com/d4rkfella/vault-backup/internal/app/backup.go:98.111,104.15 5 1
github.com/d4rkfella/vault-backup/internal/app/backup.go:104.15,105.26 1 1
github.com/d4rkfella/vault-backup/internal/app/backup.go:105.26,116.24 3 1
github.com/d4rkfella/vault-backup/internal/app/backup.go:116.24,118.5 1 1
github.com/d4rkfella/vault-backup/internal/app/backup.go:122.2,125.54 3 1
github.com/d4rkfella/vault-backup/internal/app/backup.go:125.54,128.3 2 1
github.com/d4rkfella/vault-backup/internal/app/backup.go:130.2,132.16 3 1
github.com/d4rkfella/vault-backup/internal/app/backup.go:132.16,135.3 2 1
github.com/d4rkfella/vault-backup/internal/app/backup.go:136.2,136.12 1 1
github.com/d4rkfella/vault-backup/internal/app/backup.go:136.12,139.3 2 0
github.com/d4rkfella/vault-backup/internal/app/backup.go:140.2,146.66 5 1
github.com/d4rkfella/vault-backup/internal/app/backup.go:146.66,149.3 2 1
github.com/d4rkfella/vault-backup/internal/app/backup.go:151.2,152.12 2 1
github.com/d4rkfella/vault-backup/internal/app/restore.go:12.112,18.15 5 1
github.com/d4rkfella/vault-backup/internal/app/restore.go:18.15,19.26 1 1
github.com/d4rkfella/vault-backup/internal/app/restore.go:19.26,30.24 3 1
github.com/d4rkfella/vault-backup/internal/app/restore.go:30.24,32.5 1 1
github.com/d4rkfella/vault-backup/internal/app/restore.go:36.2,38.16 3 1
github.com/d4rkfella/vault-backup/internal/app/restore.go:38.16,42.3 3 1
github.com/d4rkfella/vault-backup/internal/app/restore.go:43.2,47.16 4 1
github.com/d4rkfella/vault-backup/internal/app/restore.go:47.16,50.3 2 1
github.com/d4rkfella/vault-backup/internal/app/restore.go:51.2,51.15 1 1
github.com/d4rkfella/vault-backup/internal/app/restore.go:51.15,52.43 1 1
github.com/d4rkfella/vault-backup/internal/app/restore.go:52.43,54.4 1 0
github.com/d4rkfella/vault-backup/internal/app/restore.go:57.2,59.16 3 1
github.com/d4rkfella/vault-backup/internal/app/restore.go:59.16,62.3 2 0
github.com/d4rkfella/vault-backup/internal/app/restore.go:64.2,64.55 1 1
github.com/d4rkfella/vault-backup/internal/app/restore.go:64.55,67.3 2 1
github.com/d4rkfella/vault-backup/internal/app/restore.go:69.2,70.12 2 1
