mode: atomic
github.com/d4rkfella/vault-backup/main.go:11.13,16.2 3 0
github.com/d4rkfella/vault-backup/internal/pkg/pushover/client.go:26.40,32.2 2 1
github.com/d4rkfella/vault-backup/internal/pkg/pushover/client.go:34.164,41.13 5 3
github.com/d4rkfella/vault-backup/internal/pkg/pushover/client.go:41.13,50.3 2 2
github.com/d4rkfella/vault-backup/internal/pkg/pushover/client.go:50.8,60.3 3 1
github.com/d4rkfella/vault-backup/internal/pkg/pushover/client.go:62.2,63.28 2 3
github.com/d4rkfella/vault-backup/internal/pkg/pushover/client.go:63.28,64.18 1 3
github.com/d4rkfella/vault-backup/internal/pkg/pushover/client.go:64.18,66.4 1 1
github.com/d4rkfella/vault-backup/internal/pkg/pushover/client.go:68.2,68.32 1 3
github.com/d4rkfella/vault-backup/internal/pkg/pushover/client.go:68.32,70.3 1 1
github.com/d4rkfella/vault-backup/internal/pkg/pushover/client.go:72.2,80.16 3 3
github.com/d4rkfella/vault-backup/internal/pkg/pushover/client.go:80.16,82.3 1 1
github.com/d4rkfella/vault-backup/internal/pkg/pushover/client.go:83.2,83.12 1 2
github.com/d4rkfella/vault-backup/internal/pkg/pushover/client.go:86.34,88.14 2 8
github.com/d4rkfella/vault-backup/internal/pkg/pushover/client.go:88.14,90.3 1 3
github.com/d4rkfella/vault-backup/internal/pkg/pushover/client.go:91.2,92.42 2 5
github.com/d4rkfella/vault-backup/internal/pkg/pushover/client.go:92.42,95.3 2 3
github.com/d4rkfella/vault-backup/internal/pkg/pushover/client.go:96.2,96.73 1 5
github.com/d4rkfella/vault-backup/internal/pkg/vault/backup.go:8.65,10.16 2 2
github.com/d4rkfella/vault-backup/internal/pkg/vault/backup.go:10.16,12.3 1 1
github.com/d4rkfella/vault-backup/internal/pkg/vault/backup.go:13.2,13.12 1 1
github.com/d4rkfella/vault-backup/internal/pkg/vault/client.go:36.70,37.19 1 2
github.com/d4rkfella/vault-backup/internal/pkg/vault/client.go:37.19,39.3 1 1
github.com/d4rkfella/vault-backup/internal/pkg/vault/client.go:41.2,48.16 6 1
github.com/d4rkfella/vault-backup/internal/pkg/vault/client.go:48.16,50.3 1 1
github.com/d4rkfella/vault-backup/internal/pkg/vault/client.go:52.2,52.25 1 0
github.com/d4rkfella/vault-backup/internal/pkg/vault/client.go:52.25,57.17 3 0
github.com/d4rkfella/vault-backup/internal/pkg/vault/client.go:57.17,59.4 1 0
github.com/d4rkfella/vault-backup/internal/pkg/vault/client.go:62.2,64.28 2 0
github.com/d4rkfella/vault-backup/internal/pkg/vault/client.go:64.28,66.3 1 0
github.com/d4rkfella/vault-backup/internal/pkg/vault/client.go:68.2,68.27 1 0
github.com/d4rkfella/vault-backup/internal/pkg/vault/client.go:68.27,74.17 2 0
github.com/d4rkfella/vault-backup/internal/pkg/vault/client.go:74.17,76.4 1 0
github.com/d4rkfella/vault-backup/internal/pkg/vault/client.go:78.3,79.17 2 0
github.com/d4rkfella/vault-backup/internal/pkg/vault/client.go:79.17,81.4 1 0
github.com/d4rkfella/vault-backup/internal/pkg/vault/client.go:82.3,82.22 1 0
github.com/d4rkfella/vault-backup/internal/pkg/vault/client.go:82.22,84.4 1 0
github.com/d4rkfella/vault-backup/internal/pkg/vault/client.go:85.8,87.3 1 0
github.com/d4rkfella/vault-backup/internal/pkg/vault/client.go:89.2,89.28 1 0
github.com/d4rkfella/vault-backup/internal/pkg/vault/client.go:89.28,91.3 1 0
github.com/d4rkfella/vault-backup/internal/pkg/vault/client.go:92.2,97.8 2 0
github.com/d4rkfella/vault-backup/internal/pkg/vault/interfaces.go:34.42,34.67 1 0
github.com/d4rkfella/vault-backup/internal/pkg/vault/interfaces.go:35.42,35.85 1 0
github.com/d4rkfella/vault-backup/internal/pkg/vault/interfaces.go:43.43,43.68 1 0
github.com/d4rkfella/vault-backup/internal/pkg/vault/restore.go:8.66,10.16 2 3
github.com/d4rkfella/vault-backup/internal/pkg/vault/restore.go:10.16,12.3 1 1
github.com/d4rkfella/vault-backup/internal/pkg/vault/restore.go:13.2,13.12 1 2
github.com/d4rkfella/vault-backup/internal/pkg/s3/client.go:28.67,29.16 1 2
github.com/d4rkfella/vault-backup/internal/pkg/s3/client.go:29.16,31.3 1 1
github.com/d4rkfella/vault-backup/internal/pkg/s3/client.go:33.2,43.16 3 1
github.com/d4rkfella/vault-backup/internal/pkg/s3/client.go:43.16,45.3 1 0
github.com/d4rkfella/vault-backup/internal/pkg/s3/client.go:47.2,48.24 2 1
github.com/d4rkfella/vault-backup/internal/pkg/s3/client.go:48.24,49.43 1 0
github.com/d4rkfella/vault-backup/internal/pkg/s3/client.go:49.43,52.4 2 0
github.com/d4rkfella/vault-backup/internal/pkg/s3/client.go:55.2,58.8 1 1
github.com/d4rkfella/vault-backup/internal/pkg/s3/get.go:12.110,19.16 3 2
github.com/d4rkfella/vault-backup/internal/pkg/s3/get.go:19.16,21.3 1 1
github.com/d4rkfella/vault-backup/internal/pkg/s3/get.go:23.2,24.33 2 1
github.com/d4rkfella/vault-backup/internal/pkg/s3/get.go:24.33,26.3 1 1
github.com/d4rkfella/vault-backup/internal/pkg/s3/get.go:28.2,28.31 1 1
github.com/d4rkfella/vault-backup/internal/pkg/s3/put.go:12.83,23.16 4 2
github.com/d4rkfella/vault-backup/internal/pkg/s3/put.go:23.16,25.3 1 1
github.com/d4rkfella/vault-backup/internal/pkg/s3/put.go:26.2,26.12 1 1
github.com/d4rkfella/vault-backup/internal/pkg/s3/resolve.go:19.72,20.21 1 11
github.com/d4rkfella/vault-backup/internal/pkg/s3/resolve.go:20.21,22.3 1 1
github.com/d4rkfella/vault-backup/internal/pkg/s3/resolve.go:24.2,24.51 1 10
github.com/d4rkfella/vault-backup/internal/pkg/s3/resolve.go:24.51,31.17 3 4
github.com/d4rkfella/vault-backup/internal/pkg/s3/resolve.go:31.17,33.28 2 3
github.com/d4rkfella/vault-backup/internal/pkg/s3/resolve.go:33.28,35.5 1 0
github.com/d4rkfella/vault-backup/internal/pkg/s3/resolve.go:36.4,37.31 2 3
github.com/d4rkfella/vault-backup/internal/pkg/s3/resolve.go:37.31,38.31 1 1
github.com/d4rkfella/vault-backup/internal/pkg/s3/resolve.go:39.34,40.70 1 1
github.com/d4rkfella/vault-backup/internal/pkg/s3/resolve.go:43.4,43.103 1 2
github.com/d4rkfella/vault-backup/internal/pkg/s3/resolve.go:45.3,45.23 1 1
github.com/d4rkfella/vault-backup/internal/pkg/s3/resolve.go:48.2,58.6 4 6
github.com/d4rkfella/vault-backup/internal/pkg/s3/resolve.go:58.6,59.10 1 8
github.com/d4rkfella/vault-backup/internal/pkg/s3/resolve.go:60.21,61.59 1 0
github.com/d4rkfella/vault-backup/internal/pkg/s3/resolve.go:62.11,62.11 0 8
github.com/d4rkfella/vault-backup/internal/pkg/s3/resolve.go:65.3,69.17 2 8
github.com/d4rkfella/vault-backup/internal/pkg/s3/resolve.go:69.17,71.4 1 1
github.com/d4rkfella/vault-backup/internal/pkg/s3/resolve.go:73.3,73.36 1 7
github.com/d4rkfella/vault-backup/internal/pkg/s3/resolve.go:73.36,74.49 1 15
github.com/d4rkfella/vault-backup/internal/pkg/s3/resolve.go:74.49,75.13 1 4
github.com/d4rkfella/vault-backup/internal/pkg/s3/resolve.go:78.4,80.25 3 11
github.com/d4rkfella/vault-backup/internal/pkg/s3/resolve.go:80.25,82.24 2 10
github.com/d4rkfella/vault-backup/internal/pkg/s3/resolve.go:82.24,83.43 1 10
github.com/d4rkfella/vault-backup/internal/pkg/s3/resolve.go:83.43,87.7 3 8
github.com/d4rkfella/vault-backup/internal/pkg/s3/resolve.go:92.3,92.39 1 7
github.com/d4rkfella/vault-backup/internal/pkg/s3/resolve.go:92.39,93.9 1 5
github.com/d4rkfella/vault-backup/internal/pkg/s3/resolve.go:95.3,95.36 1 2
github.com/d4rkfella/vault-backup/internal/pkg/s3/resolve.go:98.2,98.15 1 5
github.com/d4rkfella/vault-backup/internal/pkg/s3/resolve.go:98.15,100.3 1 1
github.com/d4rkfella/vault-backup/internal/pkg/s3/resolve.go:102.2,103.23 2 4
github.com/d4rkfella/vault-backup/internal/app/backup.go:20.57,23.16 3 12
github.com/d4rkfella/vault-backup/internal/app/backup.go:23.16,25.3 1 1
github.com/d4rkfella/vault-backup/internal/app/backup.go:26.2,26.15 1 11
github.com/d4rkfella/vault-backup/internal/app/backup.go:26.15,27.42 1 11
github.com/d4rkfella/vault-backup/internal/app/backup.go:27.42,29.4 1 0
github.com/d4rkfella/vault-backup/internal/app/backup.go:32.2,36.6 4 11
github.com/d4rkfella/vault-backup/internal/app/backup.go:36.6,38.20 2 28
github.com/d4rkfella/vault-backup/internal/app/backup.go:38.20,39.9 1 10
github.com/d4rkfella/vault-backup/internal/app/backup.go:41.3,41.17 1 18
github.com/d4rkfella/vault-backup/internal/app/backup.go:41.17,43.4 1 1
github.com/d4rkfella/vault-backup/internal/app/backup.go:45.3,46.17 2 17
github.com/d4rkfella/vault-backup/internal/app/backup.go:46.17,48.4 1 0
github.com/d4rkfella/vault-backup/internal/app/backup.go:50.3,50.31 1 17
github.com/d4rkfella/vault-backup/internal/app/backup.go:50.31,52.4 1 8
github.com/d4rkfella/vault-backup/internal/app/backup.go:53.3,53.33 1 17
github.com/d4rkfella/vault-backup/internal/app/backup.go:56.2,56.27 1 10
github.com/d4rkfella/vault-backup/internal/app/backup.go:56.27,58.3 1 2
github.com/d4rkfella/vault-backup/internal/app/backup.go:60.2,62.46 2 8
github.com/d4rkfella/vault-backup/internal/app/backup.go:62.46,64.14 2 4
github.com/d4rkfella/vault-backup/internal/app/backup.go:64.14,66.4 1 2
github.com/d4rkfella/vault-backup/internal/app/backup.go:68.3,69.45 2 2
github.com/d4rkfella/vault-backup/internal/app/backup.go:69.45,71.4 1 0
github.com/d4rkfella/vault-backup/internal/app/backup.go:72.3,74.33 2 2
github.com/d4rkfella/vault-backup/internal/app/backup.go:74.33,77.4 1 1
github.com/d4rkfella/vault-backup/internal/app/backup.go:79.2,79.18 1 5
github.com/d4rkfella/vault-backup/internal/app/backup.go:82.56,85.29 3 9
github.com/d4rkfella/vault-backup/internal/app/backup.go:85.29,87.28 2 16
github.com/d4rkfella/vault-backup/internal/app/backup.go:87.28,88.12 1 10
github.com/d4rkfella/vault-backup/internal/app/backup.go:90.3,91.22 2 6
github.com/d4rkfella/vault-backup/internal/app/backup.go:91.22,93.4 1 6
github.com/d4rkfella/vault-backup/internal/app/backup.go:95.2,95.13 1 9
github.com/d4rkfella/vault-backup/internal/app/backup.go:98.111,104.15 5 6
github.com/d4rkfella/vault-backup/internal/app/backup.go:104.15,105.26 1 6
github.com/d4rkfella/vault-backup/internal/app/backup.go:105.26,108.44 3 5
github.com/d4rkfella/vault-backup/internal/app/backup.go:108.45,109.5 0 2
github.com/d4rkfella/vault-backup/internal/app/backup.go:109.10,111.5 1 3
github.com/d4rkfella/vault-backup/internal/app/backup.go:112.4,120.24 1 5
github.com/d4rkfella/vault-backup/internal/app/backup.go:120.24,122.5 1 1
github.com/d4rkfella/vault-backup/internal/app/backup.go:126.2,128.54 3 6
github.com/d4rkfella/vault-backup/internal/app/backup.go:128.54,132.3 3 1
github.com/d4rkfella/vault-backup/internal/app/backup.go:134.2,137.16 4 5
github.com/d4rkfella/vault-backup/internal/app/backup.go:137.16,141.3 3 1
github.com/d4rkfella/vault-backup/internal/app/backup.go:142.2,142.12 1 4
github.com/d4rkfella/vault-backup/internal/app/backup.go:142.12,146.3 3 0
github.com/d4rkfella/vault-backup/internal/app/backup.go:147.2,155.95 6 4
github.com/d4rkfella/vault-backup/internal/app/backup.go:155.95,159.3 3 1
github.com/d4rkfella/vault-backup/internal/app/backup.go:161.2,162.12 2 3
github.com/d4rkfella/vault-backup/internal/app/restore.go:11.112,18.15 6 6
github.com/d4rkfella/vault-backup/internal/app/restore.go:18.15,19.23 1 6
github.com/d4rkfella/vault-backup/internal/app/restore.go:19.23,20.44 1 4
github.com/d4rkfella/vault-backup/internal/app/restore.go:20.44,22.5 1 0
github.com/d4rkfella/vault-backup/internal/app/restore.go:24.3,24.26 1 6
github.com/d4rkfella/vault-backup/internal/app/restore.go:24.26,35.24 3 6
github.com/d4rkfella/vault-backup/internal/app/restore.go:35.24,37.5 1 1
github.com/d4rkfella/vault-backup/internal/app/restore.go:41.2,42.16 2 6
github.com/d4rkfella/vault-backup/internal/app/restore.go:42.16,46.3 3 1
github.com/d4rkfella/vault-backup/internal/app/restore.go:47.2,51.16 4 5
github.com/d4rkfella/vault-backup/internal/app/restore.go:51.16,54.3 2 1
github.com/d4rkfella/vault-backup/internal/app/restore.go:56.2,59.60 3 4
github.com/d4rkfella/vault-backup/internal/app/restore.go:59.60,62.3 2 1
github.com/d4rkfella/vault-backup/internal/app/restore.go:64.2,66.12 3 3
github.com/d4rkfella/vault-backup/cmd/backup.go:19.57,20.44 1 2
github.com/d4rkfella/vault-backup/cmd/backup.go:20.44,23.4 2 0
github.com/d4rkfella/vault-backup/cmd/backup.go:24.3,24.13 1 2
github.com/d4rkfella/vault-backup/cmd/backup.go:26.54,53.31 7 2
github.com/d4rkfella/vault-backup/cmd/backup.go:53.31,58.4 1 0
github.com/d4rkfella/vault-backup/cmd/backup.go:60.3,61.17 2 2
github.com/d4rkfella/vault-backup/cmd/backup.go:61.17,63.4 1 0
github.com/d4rkfella/vault-backup/cmd/backup.go:65.3,66.17 2 2
github.com/d4rkfella/vault-backup/cmd/backup.go:66.17,68.4 1 0
github.com/d4rkfella/vault-backup/cmd/backup.go:70.3,71.25 2 2
github.com/d4rkfella/vault-backup/cmd/backup.go:71.25,73.4 1 0
github.com/d4rkfella/vault-backup/cmd/backup.go:75.3,76.17 2 2
github.com/d4rkfella/vault-backup/cmd/backup.go:76.17,78.4 1 1
github.com/d4rkfella/vault-backup/cmd/backup.go:79.3,79.13 1 1
github.com/d4rkfella/vault-backup/cmd/backup.go:83.13,85.2 1 1
github.com/d4rkfella/vault-backup/cmd/errors.go:20.41,25.47 4 12
github.com/d4rkfella/vault-backup/cmd/errors.go:25.47,26.31 1 14
github.com/d4rkfella/vault-backup/cmd/errors.go:26.31,27.12 1 0
github.com/d4rkfella/vault-backup/cmd/errors.go:30.3,34.39 4 14
github.com/d4rkfella/vault-backup/cmd/errors.go:34.39,36.4 1 24
github.com/d4rkfella/vault-backup/cmd/errors.go:38.3,38.33 1 14
github.com/d4rkfella/vault-backup/cmd/errors.go:38.33,40.47 2 14
github.com/d4rkfella/vault-backup/cmd/errors.go:40.47,42.5 1 23
github.com/d4rkfella/vault-backup/cmd/errors.go:45.3,45.37 1 14
github.com/d4rkfella/vault-backup/cmd/errors.go:45.37,47.49 2 10
github.com/d4rkfella/vault-backup/cmd/errors.go:47.49,49.5 1 30
github.com/d4rkfella/vault-backup/cmd/errors.go:52.3,52.23 1 14
github.com/d4rkfella/vault-backup/cmd/errors.go:55.2,56.20 2 12
github.com/d4rkfella/vault-backup/cmd/errors.go:59.33,62.2 2 0
github.com/d4rkfella/vault-backup/cmd/restore.go:21.57,22.44 1 2
github.com/d4rkfella/vault-backup/cmd/restore.go:22.44,25.4 2 0
github.com/d4rkfella/vault-backup/cmd/restore.go:26.3,26.13 1 2
github.com/d4rkfella/vault-backup/cmd/restore.go:28.54,57.31 7 2
github.com/d4rkfella/vault-backup/cmd/restore.go:57.31,62.4 1 0
github.com/d4rkfella/vault-backup/cmd/restore.go:64.3,65.17 2 2
github.com/d4rkfella/vault-backup/cmd/restore.go:65.17,67.4 1 0
github.com/d4rkfella/vault-backup/cmd/restore.go:69.3,70.17 2 2
github.com/d4rkfella/vault-backup/cmd/restore.go:70.17,72.4 1 0
github.com/d4rkfella/vault-backup/cmd/restore.go:74.3,75.25 2 2
github.com/d4rkfella/vault-backup/cmd/restore.go:75.25,77.4 1 0
github.com/d4rkfella/vault-backup/cmd/restore.go:79.3,79.19 1 2
github.com/d4rkfella/vault-backup/cmd/restore.go:79.19,81.4 1 0
github.com/d4rkfella/vault-backup/cmd/restore.go:83.3,84.17 2 2
github.com/d4rkfella/vault-backup/cmd/restore.go:84.17,86.4 1 1
github.com/d4rkfella/vault-backup/cmd/restore.go:87.3,87.13 1 1
github.com/d4rkfella/vault-backup/cmd/restore.go:91.13,95.2 2 1
github.com/d4rkfella/vault-backup/cmd/root.go:44.47,45.36 1 0
github.com/d4rkfella/vault-backup/cmd/root.go:45.36,48.4 2 0
github.com/d4rkfella/vault-backup/cmd/root.go:52.42,54.2 1 0
github.com/d4rkfella/vault-backup/cmd/root.go:56.13,83.16 21 1
github.com/d4rkfella/vault-backup/cmd/root.go:83.16,85.3 1 0
github.com/d4rkfella/vault-backup/cmd/root.go:87.2,87.20 1 1
github.com/d4rkfella/vault-backup/cmd/root.go:90.19,94.19 3 4
github.com/d4rkfella/vault-backup/cmd/root.go:94.19,96.3 1 4
github.com/d4rkfella/vault-backup/cmd/root.go:96.8,103.3 5 0
github.com/d4rkfella/vault-backup/cmd/root.go:105.2,105.45 1 4
github.com/d4rkfella/vault-backup/cmd/root.go:105.45,107.3 1 0
github.com/d4rkfella/vault-backup/cmd/root.go:107.8,108.56 1 4
github.com/d4rkfella/vault-backup/cmd/root.go:108.56,110.4 1 4
github.com/d4rkfella/vault-backup/cmd/root.go:113.2,113.20 1 4
github.com/d4rkfella/vault-backup/cmd/root.go:116.36,117.53 1 5
github.com/d4rkfella/vault-backup/cmd/root.go:117.53,120.56 2 90
github.com/d4rkfella/vault-backup/cmd/root.go:120.56,122.4 1 0
github.com/d4rkfella/vault-backup/cmd/root.go:124.3,125.59 2 90
github.com/d4rkfella/vault-backup/cmd/root.go:125.59,127.4 1 0
github.com/d4rkfella/vault-backup/cmd/root.go:129.3,129.44 1 90
github.com/d4rkfella/vault-backup/cmd/root.go:129.44,131.84 2 8
github.com/d4rkfella/vault-backup/cmd/root.go:131.84,133.5 1 0
github.com/d4rkfella/vault-backup/cmd/validation.go:11.40,24.43 4 16
github.com/d4rkfella/vault-backup/cmd/validation.go:24.43,25.54 1 48
github.com/d4rkfella/vault-backup/cmd/validation.go:25.54,27.4 1 6
github.com/d4rkfella/vault-backup/cmd/validation.go:30.2,30.31 1 16
github.com/d4rkfella/vault-backup/cmd/validation.go:30.31,33.46 3 2
github.com/d4rkfella/vault-backup/cmd/validation.go:33.46,35.18 2 6
github.com/d4rkfella/vault-backup/cmd/validation.go:35.18,37.5 1 6
github.com/d4rkfella/vault-backup/cmd/validation.go:40.3,41.41 2 2
github.com/d4rkfella/vault-backup/cmd/validation.go:44.2,46.9 2 16
github.com/d4rkfella/vault-backup/cmd/validation.go:47.47,48.80 1 2
github.com/d4rkfella/vault-backup/cmd/validation.go:48.80,53.4 4 1
github.com/d4rkfella/vault-backup/cmd/validation.go:55.44,66.5 3 2
github.com/d4rkfella/vault-backup/cmd/validation.go:69.2,69.34 1 16
github.com/d4rkfella/vault-backup/cmd/validation.go:69.34,71.3 1 3
github.com/d4rkfella/vault-backup/cmd/validation.go:73.2,80.104 6 16
github.com/d4rkfella/vault-backup/cmd/validation.go:80.104,87.3 3 3
github.com/d4rkfella/vault-backup/cmd/validation.go:87.8,87.58 1 13
github.com/d4rkfella/vault-backup/cmd/validation.go:87.58,91.36 3 4
github.com/d4rkfella/vault-backup/cmd/validation.go:91.36,92.20 1 3
github.com/d4rkfella/vault-backup/cmd/validation.go:92.20,94.5 1 2
github.com/d4rkfella/vault-backup/cmd/validation.go:95.4,95.21 1 3
github.com/d4rkfella/vault-backup/cmd/validation.go:95.21,97.5 1 2
github.com/d4rkfella/vault-backup/cmd/validation.go:98.4,102.49 2 3
github.com/d4rkfella/vault-backup/cmd/validation.go:106.2,106.27 1 16
github.com/d4rkfella/vault-backup/cmd/validation.go:106.27,108.3 1 9
github.com/d4rkfella/vault-backup/cmd/validation.go:109.2,109.12 1 7
github.com/d4rkfella/vault-backup/cmd/validation.go:112.93,116.33 3 10
github.com/d4rkfella/vault-backup/cmd/validation.go:116.33,118.3 1 24
github.com/d4rkfella/vault-backup/cmd/validation.go:119.2,122.33 3 10
github.com/d4rkfella/vault-backup/cmd/validation.go:122.33,125.3 2 24
github.com/d4rkfella/vault-backup/cmd/validation.go:126.2,134.8 3 10
